Determining if files link.h exist failed with the following output:
Change Dir: /Users/q/Documents/aspect/build_deal.ii.app/CMakeFiles/CMakeTmp

Run Build Command:"/usr/bin/make" "cmTryCompileExec3219103520/fast"
/Library/Developer/CommandLineTools/usr/bin/make -f CMakeFiles/cmTryCompileExec3219103520.dir/build.make CMakeFiles/cmTryCompileExec3219103520.dir/build
/Applications/CMake.app/Contents/bin/cmake -E cmake_progress_report /Users/q/Documents/aspect/build_deal.ii.app/CMakeFiles/CMakeTmp/CMakeFiles 1
Building C object CMakeFiles/cmTryCompileExec3219103520.dir/CheckIncludeFiles.c.o
/Applications/deal.II.app/Contents/Resources/opt/openmpi-1.6.5/bin/mpicc   -g -O3    -o CMakeFiles/cmTryCompileExec3219103520.dir/CheckIncludeFiles.c.o   -c /Users/q/Documents/aspect/build_deal.ii.app/CMakeFiles/CMakeTmp/CheckIncludeFiles.c
/Users/q/Documents/aspect/build_deal.ii.app/CMakeFiles/CMakeTmp/CheckIncludeFiles.c:2:10: fatal error: 'link.h' file not found
#include <link.h>
         ^
1 error generated.
make[1]: *** [CMakeFiles/cmTryCompileExec3219103520.dir/CheckIncludeFiles.c.o] Error 1
make: *** [cmTryCompileExec3219103520/fast] Error 2

Source:
/* */
#include <link.h>


int main(void){return 0;}

Performing C++ SOURCE FILE Test HAVE_FP_EXCEPTIONS failed with the following output:
Change Dir: /Users/q/Documents/aspect/build_deal.ii.app/CMakeFiles/CMakeTmp

Run Build Command:"/usr/bin/make" "cmTryCompileExec3904627522/fast"
/Library/Developer/CommandLineTools/usr/bin/make -f CMakeFiles/cmTryCompileExec3904627522.dir/build.make CMakeFiles/cmTryCompileExec3904627522.dir/build
/Applications/CMake.app/Contents/bin/cmake -E cmake_progress_report /Users/q/Documents/aspect/build_deal.ii.app/CMakeFiles/CMakeTmp/CMakeFiles 1
Building CXX object CMakeFiles/cmTryCompileExec3904627522.dir/src.cxx.o
/Applications/deal.II.app/Contents/Resources/opt/openmpi-1.6.5/bin/mpicxx    -g -O3 -std=c++11 -DHAVE_FP_EXCEPTIONS -I/Applications/deal.II.app/Contents/Resources/include -I/Applications/deal.II.app/Contents/Resources/include/deal.II -I/Applications/deal.II.app/Contents/Resources/include/deal.II/bundled -I/Applications/deal.II.app/Contents/Resources/opt/openmpi-1.6.5/include -I/Applications/deal.II.app/Contents/Resources/opt/trilinos-70824c5/include -I/Applications/deal.II.app/Contents/Resources/opt/petsc-38ae631/include -I/Applications/deal.II.app/Contents/Resources/opt/oce-6d4ba0e/include/oce -I/Applications/deal.II.app/Contents/Resources/opt/p4est-fb278b3/include -I/Applications/deal.II.app/Contents/Resources/opt/slepc-c81b9e0/include    -o CMakeFiles/cmTryCompileExec3904627522.dir/src.cxx.o -c /Users/q/Documents/aspect/build_deal.ii.app/CMakeFiles/CMakeTmp/src.cxx
/Users/q/Documents/aspect/build_deal.ii.app/CMakeFiles/CMakeTmp/src.cxx:10:3: error: use of undeclared identifier 'feenableexcept'; did you mean 'feraiseexcept'?
  feenableexcept(FE_DIVBYZERO|FE_INVALID);
  ^~~~~~~~~~~~~~
  feraiseexcept
/usr/include/fenv.h:235:12: note: 'feraiseexcept' declared here
extern int feraiseexcept(int /* excepts */);
           ^
1 error generated.
make[1]: *** [CMakeFiles/cmTryCompileExec3904627522.dir/src.cxx.o] Error 1
make: *** [cmTryCompileExec3904627522/fast] Error 2

Return value: 1
Source file was:

#include <fenv.h>
#include <limits>
#include <sstream>

#include <deal.II/base/utilities.h>

int main()
{
  feenableexcept(FE_DIVBYZERO|FE_INVALID);
  std::ostringstream description;
  const double lower_bound = -std::numeric_limits<double>::max();

  description << lower_bound;
  description << dealii::Utilities::string_to_int ("1");

  return 0;
}

